

Processing ApplicationController#index (for 127.0.0.1 at 2008-07-27 14:17:32) [GET]
  Session ID: 55dbe46c3ff04d94bf2fbe2fb093b25c
  Parameters: {}


ActionController::RoutingError (No route matches "/" with {:method=>:get}):
    /sw/var/lib/gems/1.8/gems/actionpack-2.1.0/lib/action_controller/routing/recognition_optimisation.rb:67:in `recognize_path'
    /sw/var/lib/gems/1.8/gems/actionpack-2.1.0/lib/action_controller/routing/route_set.rb:384:in `recognize'
    /sw/var/lib/gems/1.8/gems/actionpack-2.1.0/lib/action_controller/dispatcher.rb:148:in `handle_request'
    /sw/var/lib/gems/1.8/gems/actionpack-2.1.0/lib/action_controller/dispatcher.rb:107:in `dispatch'
    /sw/var/lib/gems/1.8/gems/actionpack-2.1.0/lib/action_controller/dispatcher.rb:104:in `synchronize'
    /sw/var/lib/gems/1.8/gems/actionpack-2.1.0/lib/action_controller/dispatcher.rb:104:in `dispatch'
    /sw/var/lib/gems/1.8/gems/actionpack-2.1.0/lib/action_controller/dispatcher.rb:120:in `dispatch_cgi'
    /sw/var/lib/gems/1.8/gems/actionpack-2.1.0/lib/action_controller/dispatcher.rb:35:in `dispatch'
    /sw/var/lib/gems/1.8/gems/mongrel-1.1.5/bin/../lib/mongrel/rails.rb:76:in `process'
    /sw/var/lib/gems/1.8/gems/mongrel-1.1.5/bin/../lib/mongrel/rails.rb:74:in `synchronize'
    /sw/var/lib/gems/1.8/gems/mongrel-1.1.5/bin/../lib/mongrel/rails.rb:74:in `process'
    /sw/var/lib/gems/1.8/gems/mongrel-1.1.5/lib/mongrel.rb:159:in `process_client'
    /sw/var/lib/gems/1.8/gems/mongrel-1.1.5/lib/mongrel.rb:158:in `each'
    /sw/var/lib/gems/1.8/gems/mongrel-1.1.5/lib/mongrel.rb:158:in `process_client'
    /sw/var/lib/gems/1.8/gems/mongrel-1.1.5/lib/mongrel.rb:285:in `run'
    /sw/var/lib/gems/1.8/gems/mongrel-1.1.5/lib/mongrel.rb:285:in `initialize'
    /sw/var/lib/gems/1.8/gems/mongrel-1.1.5/lib/mongrel.rb:285:in `new'
    /sw/var/lib/gems/1.8/gems/mongrel-1.1.5/lib/mongrel.rb:285:in `run'
    /sw/var/lib/gems/1.8/gems/mongrel-1.1.5/lib/mongrel.rb:268:in `initialize'
    /sw/var/lib/gems/1.8/gems/mongrel-1.1.5/lib/mongrel.rb:268:in `new'
    /sw/var/lib/gems/1.8/gems/mongrel-1.1.5/lib/mongrel.rb:268:in `run'
    /sw/var/lib/gems/1.8/gems/mongrel-1.1.5/lib/mongrel/configurator.rb:282:in `run'
    /sw/var/lib/gems/1.8/gems/mongrel-1.1.5/lib/mongrel/configurator.rb:281:in `each'
    /sw/var/lib/gems/1.8/gems/mongrel-1.1.5/lib/mongrel/configurator.rb:281:in `run'
    /sw/var/lib/gems/1.8/gems/mongrel-1.1.5/bin/mongrel_rails:128:in `run'
    /sw/var/lib/gems/1.8/gems/mongrel-1.1.5/lib/mongrel/command.rb:212:in `run'
    /sw/var/lib/gems/1.8/gems/mongrel-1.1.5/bin/mongrel_rails:281
    /sw/var/lib/gems/1.8/gems/activesupport-2.1.0/lib/active_support/dependencies.rb:502:in `load'
    /sw/var/lib/gems/1.8/gems/activesupport-2.1.0/lib/active_support/dependencies.rb:502:in `load'
    /sw/var/lib/gems/1.8/gems/activesupport-2.1.0/lib/active_support/dependencies.rb:354:in `new_constants_in'
    /sw/var/lib/gems/1.8/gems/activesupport-2.1.0/lib/active_support/dependencies.rb:502:in `load'
    /sw/var/lib/gems/1.8/gems/rails-2.1.0/lib/commands/servers/mongrel.rb:64
    /sw/lib/ruby/1.8/rubygems/custom_require.rb:27:in `gem_original_require'
    /sw/lib/ruby/1.8/rubygems/custom_require.rb:27:in `require'
    /sw/var/lib/gems/1.8/gems/activesupport-2.1.0/lib/active_support/dependencies.rb:509:in `require'
    /sw/var/lib/gems/1.8/gems/activesupport-2.1.0/lib/active_support/dependencies.rb:354:in `new_constants_in'
    /sw/var/lib/gems/1.8/gems/activesupport-2.1.0/lib/active_support/dependencies.rb:509:in `require'
    /sw/var/lib/gems/1.8/gems/rails-2.1.0/lib/commands/server.rb:39
    /sw/lib/ruby/1.8/rubygems/custom_require.rb:27:in `gem_original_require'
    /sw/lib/ruby/1.8/rubygems/custom_require.rb:27:in `require'
    script/server:3

Rendering /sw/var/lib/gems/1.8/gems/actionpack-2.1.0/lib/action_controller/templates/rescues/layout.erb (not_found)


Processing ApplicationController#index (for 127.0.0.1 at 2008-07-27 14:17:34) [GET]
  Session ID: BAh7BiIKZmxhc2hJQzonQWN0aW9uQ29udHJvbGxlcjo6Rmxhc2g6OkZsYXNo
SGFzaHsABjoKQHVzZWR7AA==--6d0d883dac07cb29f1aeea8ec2739371a03205fe
  Parameters: {}


ActionController::RoutingError (No route matches "/yeah" with {:method=>:get}):
    /sw/var/lib/gems/1.8/gems/actionpack-2.1.0/lib/action_controller/routing/recognition_optimisation.rb:67:in `recognize_path'
    /sw/var/lib/gems/1.8/gems/actionpack-2.1.0/lib/action_controller/routing/route_set.rb:384:in `recognize'
    /sw/var/lib/gems/1.8/gems/actionpack-2.1.0/lib/action_controller/dispatcher.rb:148:in `handle_request'
    /sw/var/lib/gems/1.8/gems/actionpack-2.1.0/lib/action_controller/dispatcher.rb:107:in `dispatch'
    /sw/var/lib/gems/1.8/gems/actionpack-2.1.0/lib/action_controller/dispatcher.rb:104:in `synchronize'
    /sw/var/lib/gems/1.8/gems/actionpack-2.1.0/lib/action_controller/dispatcher.rb:104:in `dispatch'
    /sw/var/lib/gems/1.8/gems/actionpack-2.1.0/lib/action_controller/dispatcher.rb:120:in `dispatch_cgi'
    /sw/var/lib/gems/1.8/gems/actionpack-2.1.0/lib/action_controller/dispatcher.rb:35:in `dispatch'
    /sw/var/lib/gems/1.8/gems/mongrel-1.1.5/bin/../lib/mongrel/rails.rb:76:in `process'
    /sw/var/lib/gems/1.8/gems/mongrel-1.1.5/bin/../lib/mongrel/rails.rb:74:in `synchronize'
    /sw/var/lib/gems/1.8/gems/mongrel-1.1.5/bin/../lib/mongrel/rails.rb:74:in `process'
    /sw/var/lib/gems/1.8/gems/mongrel-1.1.5/lib/mongrel.rb:159:in `process_client'
    /sw/var/lib/gems/1.8/gems/mongrel-1.1.5/lib/mongrel.rb:158:in `each'
    /sw/var/lib/gems/1.8/gems/mongrel-1.1.5/lib/mongrel.rb:158:in `process_client'
    /sw/var/lib/gems/1.8/gems/mongrel-1.1.5/lib/mongrel.rb:285:in `run'
    /sw/var/lib/gems/1.8/gems/mongrel-1.1.5/lib/mongrel.rb:285:in `initialize'
    /sw/var/lib/gems/1.8/gems/mongrel-1.1.5/lib/mongrel.rb:285:in `new'
    /sw/var/lib/gems/1.8/gems/mongrel-1.1.5/lib/mongrel.rb:285:in `run'
    /sw/var/lib/gems/1.8/gems/mongrel-1.1.5/lib/mongrel.rb:268:in `initialize'
    /sw/var/lib/gems/1.8/gems/mongrel-1.1.5/lib/mongrel.rb:268:in `new'
    /sw/var/lib/gems/1.8/gems/mongrel-1.1.5/lib/mongrel.rb:268:in `run'
    /sw/var/lib/gems/1.8/gems/mongrel-1.1.5/lib/mongrel/configurator.rb:282:in `run'
    /sw/var/lib/gems/1.8/gems/mongrel-1.1.5/lib/mongrel/configurator.rb:281:in `each'
    /sw/var/lib/gems/1.8/gems/mongrel-1.1.5/lib/mongrel/configurator.rb:281:in `run'
    /sw/var/lib/gems/1.8/gems/mongrel-1.1.5/bin/mongrel_rails:128:in `run'
    /sw/var/lib/gems/1.8/gems/mongrel-1.1.5/lib/mongrel/command.rb:212:in `run'
    /sw/var/lib/gems/1.8/gems/mongrel-1.1.5/bin/mongrel_rails:281
    /sw/var/lib/gems/1.8/gems/activesupport-2.1.0/lib/active_support/dependencies.rb:502:in `load'
    /sw/var/lib/gems/1.8/gems/activesupport-2.1.0/lib/active_support/dependencies.rb:502:in `load'
    /sw/var/lib/gems/1.8/gems/activesupport-2.1.0/lib/active_support/dependencies.rb:354:in `new_constants_in'
    /sw/var/lib/gems/1.8/gems/activesupport-2.1.0/lib/active_support/dependencies.rb:502:in `load'
    /sw/var/lib/gems/1.8/gems/rails-2.1.0/lib/commands/servers/mongrel.rb:64
    /sw/lib/ruby/1.8/rubygems/custom_require.rb:27:in `gem_original_require'
    /sw/lib/ruby/1.8/rubygems/custom_require.rb:27:in `require'
    /sw/var/lib/gems/1.8/gems/activesupport-2.1.0/lib/active_support/dependencies.rb:509:in `require'
    /sw/var/lib/gems/1.8/gems/activesupport-2.1.0/lib/active_support/dependencies.rb:354:in `new_constants_in'
    /sw/var/lib/gems/1.8/gems/activesupport-2.1.0/lib/active_support/dependencies.rb:509:in `require'
    /sw/var/lib/gems/1.8/gems/rails-2.1.0/lib/commands/server.rb:39
    /sw/lib/ruby/1.8/rubygems/custom_require.rb:27:in `gem_original_require'
    /sw/lib/ruby/1.8/rubygems/custom_require.rb:27:in `require'
    script/server:3

Rendering /sw/var/lib/gems/1.8/gems/actionpack-2.1.0/lib/action_controller/templates/rescues/layout.erb (not_found)


Processing ApplicationController#index (for 127.0.0.1 at 2008-07-27 14:17:36) [GET]
  Session ID: BAh7BiIKZmxhc2hJQzonQWN0aW9uQ29udHJvbGxlcjo6Rmxhc2g6OkZsYXNo
SGFzaHsABjoKQHVzZWR7AA==--6d0d883dac07cb29f1aeea8ec2739371a03205fe
  Parameters: {}


ActionController::RoutingError (No route matches "/" with {:method=>:get}):
    /sw/var/lib/gems/1.8/gems/actionpack-2.1.0/lib/action_controller/routing/recognition_optimisation.rb:67:in `recognize_path'
    /sw/var/lib/gems/1.8/gems/actionpack-2.1.0/lib/action_controller/routing/route_set.rb:384:in `recognize'
    /sw/var/lib/gems/1.8/gems/actionpack-2.1.0/lib/action_controller/dispatcher.rb:148:in `handle_request'
    /sw/var/lib/gems/1.8/gems/actionpack-2.1.0/lib/action_controller/dispatcher.rb:107:in `dispatch'
    /sw/var/lib/gems/1.8/gems/actionpack-2.1.0/lib/action_controller/dispatcher.rb:104:in `synchronize'
    /sw/var/lib/gems/1.8/gems/actionpack-2.1.0/lib/action_controller/dispatcher.rb:104:in `dispatch'
    /sw/var/lib/gems/1.8/gems/actionpack-2.1.0/lib/action_controller/dispatcher.rb:120:in `dispatch_cgi'
    /sw/var/lib/gems/1.8/gems/actionpack-2.1.0/lib/action_controller/dispatcher.rb:35:in `dispatch'
    /sw/var/lib/gems/1.8/gems/mongrel-1.1.5/bin/../lib/mongrel/rails.rb:76:in `process'
    /sw/var/lib/gems/1.8/gems/mongrel-1.1.5/bin/../lib/mongrel/rails.rb:74:in `synchronize'
    /sw/var/lib/gems/1.8/gems/mongrel-1.1.5/bin/../lib/mongrel/rails.rb:74:in `process'
    /sw/var/lib/gems/1.8/gems/mongrel-1.1.5/lib/mongrel.rb:159:in `process_client'
    /sw/var/lib/gems/1.8/gems/mongrel-1.1.5/lib/mongrel.rb:158:in `each'
    /sw/var/lib/gems/1.8/gems/mongrel-1.1.5/lib/mongrel.rb:158:in `process_client'
    /sw/var/lib/gems/1.8/gems/mongrel-1.1.5/lib/mongrel.rb:285:in `run'
    /sw/var/lib/gems/1.8/gems/mongrel-1.1.5/lib/mongrel.rb:285:in `initialize'
    /sw/var/lib/gems/1.8/gems/mongrel-1.1.5/lib/mongrel.rb:285:in `new'
    /sw/var/lib/gems/1.8/gems/mongrel-1.1.5/lib/mongrel.rb:285:in `run'
    /sw/var/lib/gems/1.8/gems/mongrel-1.1.5/lib/mongrel.rb:268:in `initialize'
    /sw/var/lib/gems/1.8/gems/mongrel-1.1.5/lib/mongrel.rb:268:in `new'
    /sw/var/lib/gems/1.8/gems/mongrel-1.1.5/lib/mongrel.rb:268:in `run'
    /sw/var/lib/gems/1.8/gems/mongrel-1.1.5/lib/mongrel/configurator.rb:282:in `run'
    /sw/var/lib/gems/1.8/gems/mongrel-1.1.5/lib/mongrel/configurator.rb:281:in `each'
    /sw/var/lib/gems/1.8/gems/mongrel-1.1.5/lib/mongrel/configurator.rb:281:in `run'
    /sw/var/lib/gems/1.8/gems/mongrel-1.1.5/bin/mongrel_rails:128:in `run'
    /sw/var/lib/gems/1.8/gems/mongrel-1.1.5/lib/mongrel/command.rb:212:in `run'
    /sw/var/lib/gems/1.8/gems/mongrel-1.1.5/bin/mongrel_rails:281
    /sw/var/lib/gems/1.8/gems/activesupport-2.1.0/lib/active_support/dependencies.rb:502:in `load'
    /sw/var/lib/gems/1.8/gems/activesupport-2.1.0/lib/active_support/dependencies.rb:502:in `load'
    /sw/var/lib/gems/1.8/gems/activesupport-2.1.0/lib/active_support/dependencies.rb:354:in `new_constants_in'
    /sw/var/lib/gems/1.8/gems/activesupport-2.1.0/lib/active_support/dependencies.rb:502:in `load'
    /sw/var/lib/gems/1.8/gems/rails-2.1.0/lib/commands/servers/mongrel.rb:64
    /sw/lib/ruby/1.8/rubygems/custom_require.rb:27:in `gem_original_require'
    /sw/lib/ruby/1.8/rubygems/custom_require.rb:27:in `require'
    /sw/var/lib/gems/1.8/gems/activesupport-2.1.0/lib/active_support/dependencies.rb:509:in `require'
    /sw/var/lib/gems/1.8/gems/activesupport-2.1.0/lib/active_support/dependencies.rb:354:in `new_constants_in'
    /sw/var/lib/gems/1.8/gems/activesupport-2.1.0/lib/active_support/dependencies.rb:509:in `require'
    /sw/var/lib/gems/1.8/gems/rails-2.1.0/lib/commands/server.rb:39
    /sw/lib/ruby/1.8/rubygems/custom_require.rb:27:in `gem_original_require'
    /sw/lib/ruby/1.8/rubygems/custom_require.rb:27:in `require'
    script/server:3

Rendering /sw/var/lib/gems/1.8/gems/actionpack-2.1.0/lib/action_controller/templates/rescues/layout.erb (not_found)


Processing ApplicationController#index (for 127.0.0.1 at 2008-07-27 14:22:34) [GET]
  Session ID: BAh7BiIKZmxhc2hJQzonQWN0aW9uQ29udHJvbGxlcjo6Rmxhc2g6OkZsYXNo
SGFzaHsABjoKQHVzZWR7AA==--6d0d883dac07cb29f1aeea8ec2739371a03205fe
  Parameters: {}


ActionController::RoutingError (No route matches "/log" with {:method=>:get}):
    /sw/var/lib/gems/1.8/gems/actionpack-2.1.0/lib/action_controller/routing/recognition_optimisation.rb:67:in `recognize_path'
    /sw/var/lib/gems/1.8/gems/actionpack-2.1.0/lib/action_controller/routing/route_set.rb:384:in `recognize'
    /sw/var/lib/gems/1.8/gems/actionpack-2.1.0/lib/action_controller/dispatcher.rb:148:in `handle_request'
    /sw/var/lib/gems/1.8/gems/actionpack-2.1.0/lib/action_controller/dispatcher.rb:107:in `dispatch'
    /sw/var/lib/gems/1.8/gems/actionpack-2.1.0/lib/action_controller/dispatcher.rb:104:in `synchronize'
    /sw/var/lib/gems/1.8/gems/actionpack-2.1.0/lib/action_controller/dispatcher.rb:104:in `dispatch'
    /sw/var/lib/gems/1.8/gems/actionpack-2.1.0/lib/action_controller/dispatcher.rb:120:in `dispatch_cgi'
    /sw/var/lib/gems/1.8/gems/actionpack-2.1.0/lib/action_controller/dispatcher.rb:35:in `dispatch'
    /sw/var/lib/gems/1.8/gems/mongrel-1.1.5/bin/../lib/mongrel/rails.rb:76:in `process'
    /sw/var/lib/gems/1.8/gems/mongrel-1.1.5/bin/../lib/mongrel/rails.rb:74:in `synchronize'
    /sw/var/lib/gems/1.8/gems/mongrel-1.1.5/bin/../lib/mongrel/rails.rb:74:in `process'
    /sw/var/lib/gems/1.8/gems/mongrel-1.1.5/lib/mongrel.rb:159:in `process_client'
    /sw/var/lib/gems/1.8/gems/mongrel-1.1.5/lib/mongrel.rb:158:in `each'
    /sw/var/lib/gems/1.8/gems/mongrel-1.1.5/lib/mongrel.rb:158:in `process_client'
    /sw/var/lib/gems/1.8/gems/mongrel-1.1.5/lib/mongrel.rb:285:in `run'
    /sw/var/lib/gems/1.8/gems/mongrel-1.1.5/lib/mongrel.rb:285:in `initialize'
    /sw/var/lib/gems/1.8/gems/mongrel-1.1.5/lib/mongrel.rb:285:in `new'
    /sw/var/lib/gems/1.8/gems/mongrel-1.1.5/lib/mongrel.rb:285:in `run'
    /sw/var/lib/gems/1.8/gems/mongrel-1.1.5/lib/mongrel.rb:268:in `initialize'
    /sw/var/lib/gems/1.8/gems/mongrel-1.1.5/lib/mongrel.rb:268:in `new'
    /sw/var/lib/gems/1.8/gems/mongrel-1.1.5/lib/mongrel.rb:268:in `run'
    /sw/var/lib/gems/1.8/gems/mongrel-1.1.5/lib/mongrel/configurator.rb:282:in `run'
    /sw/var/lib/gems/1.8/gems/mongrel-1.1.5/lib/mongrel/configurator.rb:281:in `each'
    /sw/var/lib/gems/1.8/gems/mongrel-1.1.5/lib/mongrel/configurator.rb:281:in `run'
    /sw/var/lib/gems/1.8/gems/mongrel-1.1.5/bin/mongrel_rails:128:in `run'
    /sw/var/lib/gems/1.8/gems/mongrel-1.1.5/lib/mongrel/command.rb:212:in `run'
    /sw/var/lib/gems/1.8/gems/mongrel-1.1.5/bin/mongrel_rails:281
    /sw/var/lib/gems/1.8/gems/activesupport-2.1.0/lib/active_support/dependencies.rb:502:in `load'
    /sw/var/lib/gems/1.8/gems/activesupport-2.1.0/lib/active_support/dependencies.rb:502:in `load'
    /sw/var/lib/gems/1.8/gems/activesupport-2.1.0/lib/active_support/dependencies.rb:354:in `new_constants_in'
    /sw/var/lib/gems/1.8/gems/activesupport-2.1.0/lib/active_support/dependencies.rb:502:in `load'
    /sw/var/lib/gems/1.8/gems/rails-2.1.0/lib/commands/servers/mongrel.rb:64
    /sw/lib/ruby/1.8/rubygems/custom_require.rb:27:in `gem_original_require'
    /sw/lib/ruby/1.8/rubygems/custom_require.rb:27:in `require'
    /sw/var/lib/gems/1.8/gems/activesupport-2.1.0/lib/active_support/dependencies.rb:509:in `require'
    /sw/var/lib/gems/1.8/gems/activesupport-2.1.0/lib/active_support/dependencies.rb:354:in `new_constants_in'
    /sw/var/lib/gems/1.8/gems/activesupport-2.1.0/lib/active_support/dependencies.rb:509:in `require'
    /sw/var/lib/gems/1.8/gems/rails-2.1.0/lib/commands/server.rb:39
    /sw/lib/ruby/1.8/rubygems/custom_require.rb:27:in `gem_original_require'
    /sw/lib/ruby/1.8/rubygems/custom_require.rb:27:in `require'
    script/server:3

Rendering /sw/var/lib/gems/1.8/gems/actionpack-2.1.0/lib/action_controller/templates/rescues/layout.erb (not_found)


Processing ApplicationController#index (for 127.0.0.1 at 2008-07-27 14:26:24) [GET]
  Session ID: BAh7BiIKZmxhc2hJQzonQWN0aW9uQ29udHJvbGxlcjo6Rmxhc2g6OkZsYXNo
SGFzaHsABjoKQHVzZWR7AA==--6d0d883dac07cb29f1aeea8ec2739371a03205fe
  Parameters: {}


ActionController::RoutingError (No route matches "/log" with {:method=>:get}):
    /sw/var/lib/gems/1.8/gems/actionpack-2.1.0/lib/action_controller/routing/recognition_optimisation.rb:67:in `recognize_path'
    /sw/var/lib/gems/1.8/gems/actionpack-2.1.0/lib/action_controller/routing/route_set.rb:384:in `recognize'
    /sw/var/lib/gems/1.8/gems/actionpack-2.1.0/lib/action_controller/dispatcher.rb:148:in `handle_request'
    /sw/var/lib/gems/1.8/gems/actionpack-2.1.0/lib/action_controller/dispatcher.rb:107:in `dispatch'
    /sw/var/lib/gems/1.8/gems/actionpack-2.1.0/lib/action_controller/dispatcher.rb:104:in `synchronize'
    /sw/var/lib/gems/1.8/gems/actionpack-2.1.0/lib/action_controller/dispatcher.rb:104:in `dispatch'
    /sw/var/lib/gems/1.8/gems/actionpack-2.1.0/lib/action_controller/dispatcher.rb:120:in `dispatch_cgi'
    /sw/var/lib/gems/1.8/gems/actionpack-2.1.0/lib/action_controller/dispatcher.rb:35:in `dispatch'
    /sw/var/lib/gems/1.8/gems/mongrel-1.1.5/bin/../lib/mongrel/rails.rb:76:in `process'
    /sw/var/lib/gems/1.8/gems/mongrel-1.1.5/bin/../lib/mongrel/rails.rb:74:in `synchronize'
    /sw/var/lib/gems/1.8/gems/mongrel-1.1.5/bin/../lib/mongrel/rails.rb:74:in `process'
    /sw/var/lib/gems/1.8/gems/mongrel-1.1.5/lib/mongrel.rb:159:in `process_client'
    /sw/var/lib/gems/1.8/gems/mongrel-1.1.5/lib/mongrel.rb:158:in `each'
    /sw/var/lib/gems/1.8/gems/mongrel-1.1.5/lib/mongrel.rb:158:in `process_client'
    /sw/var/lib/gems/1.8/gems/mongrel-1.1.5/lib/mongrel.rb:285:in `run'
    /sw/var/lib/gems/1.8/gems/mongrel-1.1.5/lib/mongrel.rb:285:in `initialize'
    /sw/var/lib/gems/1.8/gems/mongrel-1.1.5/lib/mongrel.rb:285:in `new'
    /sw/var/lib/gems/1.8/gems/mongrel-1.1.5/lib/mongrel.rb:285:in `run'
    /sw/var/lib/gems/1.8/gems/mongrel-1.1.5/lib/mongrel.rb:268:in `initialize'
    /sw/var/lib/gems/1.8/gems/mongrel-1.1.5/lib/mongrel.rb:268:in `new'
    /sw/var/lib/gems/1.8/gems/mongrel-1.1.5/lib/mongrel.rb:268:in `run'
    /sw/var/lib/gems/1.8/gems/mongrel-1.1.5/lib/mongrel/configurator.rb:282:in `run'
    /sw/var/lib/gems/1.8/gems/mongrel-1.1.5/lib/mongrel/configurator.rb:281:in `each'
    /sw/var/lib/gems/1.8/gems/mongrel-1.1.5/lib/mongrel/configurator.rb:281:in `run'
    /sw/var/lib/gems/1.8/gems/mongrel-1.1.5/bin/mongrel_rails:128:in `run'
    /sw/var/lib/gems/1.8/gems/mongrel-1.1.5/lib/mongrel/command.rb:212:in `run'
    /sw/var/lib/gems/1.8/gems/mongrel-1.1.5/bin/mongrel_rails:281
    /sw/var/lib/gems/1.8/gems/activesupport-2.1.0/lib/active_support/dependencies.rb:502:in `load'
    /sw/var/lib/gems/1.8/gems/activesupport-2.1.0/lib/active_support/dependencies.rb:502:in `load'
    /sw/var/lib/gems/1.8/gems/activesupport-2.1.0/lib/active_support/dependencies.rb:354:in `new_constants_in'
    /sw/var/lib/gems/1.8/gems/activesupport-2.1.0/lib/active_support/dependencies.rb:502:in `load'
    /sw/var/lib/gems/1.8/gems/rails-2.1.0/lib/commands/servers/mongrel.rb:64
    /sw/lib/ruby/1.8/rubygems/custom_require.rb:27:in `gem_original_require'
    /sw/lib/ruby/1.8/rubygems/custom_require.rb:27:in `require'
    /sw/var/lib/gems/1.8/gems/activesupport-2.1.0/lib/active_support/dependencies.rb:509:in `require'
    /sw/var/lib/gems/1.8/gems/activesupport-2.1.0/lib/active_support/dependencies.rb:354:in `new_constants_in'
    /sw/var/lib/gems/1.8/gems/activesupport-2.1.0/lib/active_support/dependencies.rb:509:in `require'
    /sw/var/lib/gems/1.8/gems/rails-2.1.0/lib/commands/server.rb:39
    /sw/lib/ruby/1.8/rubygems/custom_require.rb:27:in `gem_original_require'
    /sw/lib/ruby/1.8/rubygems/custom_require.rb:27:in `require'
    script/server:3

Rendering /sw/var/lib/gems/1.8/gems/actionpack-2.1.0/lib/action_controller/templates/rescues/layout.erb (not_found)


Processing LogController#index (for 127.0.0.1 at 2008-07-27 14:26:39) [GET]
  Session ID: BAh7BiIKZmxhc2hJQzonQWN0aW9uQ29udHJvbGxlcjo6Rmxhc2g6OkZsYXNo
SGFzaHsABjoKQHVzZWR7AA==--6d0d883dac07cb29f1aeea8ec2739371a03205fe
  Parameters: {"action"=>"index", "controller"=>"log"}


Processing LogController#index (for 127.0.0.1 at 2008-07-27 14:26:39) [GET]
  Session ID: BAh7BiIKZmxhc2hJQzonQWN0aW9uQ29udHJvbGxlcjo6Rmxhc2g6OkZsYXNo
SGFzaHsABjoKQHVzZWR7AA==--6d0d883dac07cb29f1aeea8ec2739371a03205fe
  Parameters: {"action"=>"index", "controller"=>"log"}


SQLite3::CantOpenException (could not open database: unable to open database file):
    /sw/var/lib/gems/1.8/gems/sqlite3-ruby-1.2.2/lib/sqlite3/errors.rb:62:in `check'
    /sw/var/lib/gems/1.8/gems/sqlite3-ruby-1.2.2/lib/sqlite3/database.rb:79:in `initialize'
    /sw/var/lib/gems/1.8/gems/activerecord-2.1.0/lib/active_record/connection_adapters/sqlite3_adapter.rb:13:in `new'
    /sw/var/lib/gems/1.8/gems/activerecord-2.1.0/lib/active_record/connection_adapters/sqlite3_adapter.rb:13:in `sqlite3_connection'
    /sw/var/lib/gems/1.8/gems/activerecord-2.1.0/lib/active_record/connection_adapters/abstract/connection_specification.rb:292:in `send'
    /sw/var/lib/gems/1.8/gems/activerecord-2.1.0/lib/active_record/connection_adapters/abstract/connection_specification.rb:292:in `connection='
    /sw/var/lib/gems/1.8/gems/activerecord-2.1.0/lib/active_record/connection_adapters/abstract/connection_specification.rb:260:in `retrieve_connection'
    /sw/var/lib/gems/1.8/gems/activerecord-2.1.0/lib/active_record/connection_adapters/abstract/connection_specification.rb:78:in `connection'
    /sw/var/lib/gems/1.8/gems/activerecord-2.1.0/lib/active_record/query_cache.rb:8:in `cache'
    /sw/var/lib/gems/1.8/gems/actionpack-2.1.0/lib/action_controller/caching/sql_cache.rb:12:in `perform_action'
    /sw/var/lib/gems/1.8/gems/actionpack-2.1.0/lib/action_controller/base.rb:529:in `send'
    /sw/var/lib/gems/1.8/gems/actionpack-2.1.0/lib/action_controller/base.rb:529:in `process_without_filters'
    /sw/var/lib/gems/1.8/gems/actionpack-2.1.0/lib/action_controller/filters.rb:569:in `process_without_session_management_support'
    /sw/var/lib/gems/1.8/gems/actionpack-2.1.0/lib/action_controller/session_management.rb:130:in `process'
    /sw/var/lib/gems/1.8/gems/actionpack-2.1.0/lib/action_controller/base.rb:389:in `process'
    /sw/var/lib/gems/1.8/gems/actionpack-2.1.0/lib/action_controller/dispatcher.rb:149:in `handle_request'
    /sw/var/lib/gems/1.8/gems/actionpack-2.1.0/lib/action_controller/dispatcher.rb:107:in `dispatch'
    /sw/var/lib/gems/1.8/gems/actionpack-2.1.0/lib/action_controller/dispatcher.rb:104:in `synchronize'
    /sw/var/lib/gems/1.8/gems/actionpack-2.1.0/lib/action_controller/dispatcher.rb:104:in `dispatch'
    /sw/var/lib/gems/1.8/gems/actionpack-2.1.0/lib/action_controller/dispatcher.rb:120:in `dispatch_cgi'
    /sw/var/lib/gems/1.8/gems/actionpack-2.1.0/lib/action_controller/dispatcher.rb:35:in `dispatch'
    /sw/var/lib/gems/1.8/gems/mongrel-1.1.5/bin/../lib/mongrel/rails.rb:76:in `process'
    /sw/var/lib/gems/1.8/gems/mongrel-1.1.5/bin/../lib/mongrel/rails.rb:74:in `synchronize'
    /sw/var/lib/gems/1.8/gems/mongrel-1.1.5/bin/../lib/mongrel/rails.rb:74:in `process'
    /sw/var/lib/gems/1.8/gems/mongrel-1.1.5/lib/mongrel.rb:159:in `process_client'
    /sw/var/lib/gems/1.8/gems/mongrel-1.1.5/lib/mongrel.rb:158:in `each'
    /sw/var/lib/gems/1.8/gems/mongrel-1.1.5/lib/mongrel.rb:158:in `process_client'
    /sw/var/lib/gems/1.8/gems/mongrel-1.1.5/lib/mongrel.rb:285:in `run'
    /sw/var/lib/gems/1.8/gems/mongrel-1.1.5/lib/mongrel.rb:285:in `initialize'
    /sw/var/lib/gems/1.8/gems/mongrel-1.1.5/lib/mongrel.rb:285:in `new'
    /sw/var/lib/gems/1.8/gems/mongrel-1.1.5/lib/mongrel.rb:285:in `run'
    /sw/var/lib/gems/1.8/gems/mongrel-1.1.5/lib/mongrel.rb:268:in `initialize'
    /sw/var/lib/gems/1.8/gems/mongrel-1.1.5/lib/mongrel.rb:268:in `new'
    /sw/var/lib/gems/1.8/gems/mongrel-1.1.5/lib/mongrel.rb:268:in `run'
    /sw/var/lib/gems/1.8/gems/mongrel-1.1.5/lib/mongrel/configurator.rb:282:in `run'
    /sw/var/lib/gems/1.8/gems/mongrel-1.1.5/lib/mongrel/configurator.rb:281:in `each'
    /sw/var/lib/gems/1.8/gems/mongrel-1.1.5/lib/mongrel/configurator.rb:281:in `run'
    /sw/var/lib/gems/1.8/gems/mongrel-1.1.5/bin/mongrel_rails:128:in `run'
    /sw/var/lib/gems/1.8/gems/mongrel-1.1.5/lib/mongrel/command.rb:212:in `run'
    /sw/var/lib/gems/1.8/gems/mongrel-1.1.5/bin/mongrel_rails:281
    /sw/var/lib/gems/1.8/gems/activesupport-2.1.0/lib/active_support/dependencies.rb:502:in `load'
    /sw/var/lib/gems/1.8/gems/activesupport-2.1.0/lib/active_support/dependencies.rb:502:in `load'
    /sw/var/lib/gems/1.8/gems/activesupport-2.1.0/lib/active_support/dependencies.rb:354:in `new_constants_in'
    /sw/var/lib/gems/1.8/gems/activesupport-2.1.0/lib/active_support/dependencies.rb:502:in `load'
    /sw/var/lib/gems/1.8/gems/rails-2.1.0/lib/commands/servers/mongrel.rb:64
    /sw/lib/ruby/1.8/rubygems/custom_require.rb:27:in `gem_original_require'
    /sw/lib/ruby/1.8/rubygems/custom_require.rb:27:in `require'
    /sw/var/lib/gems/1.8/gems/activesupport-2.1.0/lib/active_support/dependencies.rb:509:in `require'
    /sw/var/lib/gems/1.8/gems/activesupport-2.1.0/lib/active_support/dependencies.rb:354:in `new_constants_in'
    /sw/var/lib/gems/1.8/gems/activesupport-2.1.0/lib/active_support/dependencies.rb:509:in `require'
    /sw/var/lib/gems/1.8/gems/rails-2.1.0/lib/commands/server.rb:39
    /sw/lib/ruby/1.8/rubygems/custom_require.rb:27:in `gem_original_require'
    /sw/lib/ruby/1.8/rubygems/custom_require.rb:27:in `require'
    script/server:3

Rendering /sw/var/lib/gems/1.8/gems/actionpack-2.1.0/lib/action_controller/templates/rescues/layout.erb (internal_server_error)


Processing LogController#index (for 127.0.0.1 at 2008-07-27 14:27:13) [GET]
  Session ID: BAh7BiIKZmxhc2hJQzonQWN0aW9uQ29udHJvbGxlcjo6Rmxhc2g6OkZsYXNo
SGFzaHsABjoKQHVzZWR7AA==--6d0d883dac07cb29f1aeea8ec2739371a03205fe
  Parameters: {"action"=>"index", "controller"=>"log"}


Processing LogController#index (for 127.0.0.1 at 2008-07-27 14:27:13) [GET]
  Session ID: BAh7BiIKZmxhc2hJQzonQWN0aW9uQ29udHJvbGxlcjo6Rmxhc2g6OkZsYXNo
SGFzaHsABjoKQHVzZWR7AA==--6d0d883dac07cb29f1aeea8ec2739371a03205fe
  Parameters: {"action"=>"index", "controller"=>"log"}


SQLite3::CantOpenException (could not open database: unable to open database file):
    /sw/var/lib/gems/1.8/gems/sqlite3-ruby-1.2.2/lib/sqlite3/errors.rb:62:in `check'
    /sw/var/lib/gems/1.8/gems/sqlite3-ruby-1.2.2/lib/sqlite3/database.rb:79:in `initialize'
    /sw/var/lib/gems/1.8/gems/activerecord-2.1.0/lib/active_record/connection_adapters/sqlite3_adapter.rb:13:in `new'
    /sw/var/lib/gems/1.8/gems/activerecord-2.1.0/lib/active_record/connection_adapters/sqlite3_adapter.rb:13:in `sqlite3_connection'
    /sw/var/lib/gems/1.8/gems/activerecord-2.1.0/lib/active_record/connection_adapters/abstract/connection_specification.rb:292:in `send'
    /sw/var/lib/gems/1.8/gems/activerecord-2.1.0/lib/active_record/connection_adapters/abstract/connection_specification.rb:292:in `connection='
    /sw/var/lib/gems/1.8/gems/activerecord-2.1.0/lib/active_record/connection_adapters/abstract/connection_specification.rb:260:in `retrieve_connection'
    /sw/var/lib/gems/1.8/gems/activerecord-2.1.0/lib/active_record/connection_adapters/abstract/connection_specification.rb:78:in `connection'
    /sw/var/lib/gems/1.8/gems/activerecord-2.1.0/lib/active_record/query_cache.rb:8:in `cache'
    /sw/var/lib/gems/1.8/gems/actionpack-2.1.0/lib/action_controller/caching/sql_cache.rb:12:in `perform_action'
    /sw/var/lib/gems/1.8/gems/actionpack-2.1.0/lib/action_controller/base.rb:529:in `send'
    /sw/var/lib/gems/1.8/gems/actionpack-2.1.0/lib/action_controller/base.rb:529:in `process_without_filters'
    /sw/var/lib/gems/1.8/gems/actionpack-2.1.0/lib/action_controller/filters.rb:569:in `process_without_session_management_support'
    /sw/var/lib/gems/1.8/gems/actionpack-2.1.0/lib/action_controller/session_management.rb:130:in `process'
    /sw/var/lib/gems/1.8/gems/actionpack-2.1.0/lib/action_controller/base.rb:389:in `process'
    /sw/var/lib/gems/1.8/gems/actionpack-2.1.0/lib/action_controller/dispatcher.rb:149:in `handle_request'
    /sw/var/lib/gems/1.8/gems/actionpack-2.1.0/lib/action_controller/dispatcher.rb:107:in `dispatch'
    /sw/var/lib/gems/1.8/gems/actionpack-2.1.0/lib/action_controller/dispatcher.rb:104:in `synchronize'
    /sw/var/lib/gems/1.8/gems/actionpack-2.1.0/lib/action_controller/dispatcher.rb:104:in `dispatch'
    /sw/var/lib/gems/1.8/gems/actionpack-2.1.0/lib/action_controller/dispatcher.rb:120:in `dispatch_cgi'
    /sw/var/lib/gems/1.8/gems/actionpack-2.1.0/lib/action_controller/dispatcher.rb:35:in `dispatch'
    /sw/var/lib/gems/1.8/gems/mongrel-1.1.5/bin/../lib/mongrel/rails.rb:76:in `process'
    /sw/var/lib/gems/1.8/gems/mongrel-1.1.5/bin/../lib/mongrel/rails.rb:74:in `synchronize'
    /sw/var/lib/gems/1.8/gems/mongrel-1.1.5/bin/../lib/mongrel/rails.rb:74:in `process'
    /sw/var/lib/gems/1.8/gems/mongrel-1.1.5/lib/mongrel.rb:159:in `process_client'
    /sw/var/lib/gems/1.8/gems/mongrel-1.1.5/lib/mongrel.rb:158:in `each'
    /sw/var/lib/gems/1.8/gems/mongrel-1.1.5/lib/mongrel.rb:158:in `process_client'
    /sw/var/lib/gems/1.8/gems/mongrel-1.1.5/lib/mongrel.rb:285:in `run'
    /sw/var/lib/gems/1.8/gems/mongrel-1.1.5/lib/mongrel.rb:285:in `initialize'
    /sw/var/lib/gems/1.8/gems/mongrel-1.1.5/lib/mongrel.rb:285:in `new'
    /sw/var/lib/gems/1.8/gems/mongrel-1.1.5/lib/mongrel.rb:285:in `run'
    /sw/var/lib/gems/1.8/gems/mongrel-1.1.5/lib/mongrel.rb:268:in `initialize'
    /sw/var/lib/gems/1.8/gems/mongrel-1.1.5/lib/mongrel.rb:268:in `new'
    /sw/var/lib/gems/1.8/gems/mongrel-1.1.5/lib/mongrel.rb:268:in `run'
    /sw/var/lib/gems/1.8/gems/mongrel-1.1.5/lib/mongrel/configurator.rb:282:in `run'
    /sw/var/lib/gems/1.8/gems/mongrel-1.1.5/lib/mongrel/configurator.rb:281:in `each'
    /sw/var/lib/gems/1.8/gems/mongrel-1.1.5/lib/mongrel/configurator.rb:281:in `run'
    /sw/var/lib/gems/1.8/gems/mongrel-1.1.5/bin/mongrel_rails:128:in `run'
    /sw/var/lib/gems/1.8/gems/mongrel-1.1.5/lib/mongrel/command.rb:212:in `run'
    /sw/var/lib/gems/1.8/gems/mongrel-1.1.5/bin/mongrel_rails:281
    /sw/var/lib/gems/1.8/gems/activesupport-2.1.0/lib/active_support/dependencies.rb:502:in `load'
    /sw/var/lib/gems/1.8/gems/activesupport-2.1.0/lib/active_support/dependencies.rb:502:in `load'
    /sw/var/lib/gems/1.8/gems/activesupport-2.1.0/lib/active_support/dependencies.rb:354:in `new_constants_in'
    /sw/var/lib/gems/1.8/gems/activesupport-2.1.0/lib/active_support/dependencies.rb:502:in `load'
    /sw/var/lib/gems/1.8/gems/rails-2.1.0/lib/commands/servers/mongrel.rb:64
    /sw/lib/ruby/1.8/rubygems/custom_require.rb:27:in `gem_original_require'
    /sw/lib/ruby/1.8/rubygems/custom_require.rb:27:in `require'
    /sw/var/lib/gems/1.8/gems/activesupport-2.1.0/lib/active_support/dependencies.rb:509:in `require'
    /sw/var/lib/gems/1.8/gems/activesupport-2.1.0/lib/active_support/dependencies.rb:354:in `new_constants_in'
    /sw/var/lib/gems/1.8/gems/activesupport-2.1.0/lib/active_support/dependencies.rb:509:in `require'
    /sw/var/lib/gems/1.8/gems/rails-2.1.0/lib/commands/server.rb:39
    /sw/lib/ruby/1.8/rubygems/custom_require.rb:27:in `gem_original_require'
    /sw/lib/ruby/1.8/rubygems/custom_require.rb:27:in `require'
    script/server:3

Rendering /sw/var/lib/gems/1.8/gems/actionpack-2.1.0/lib/action_controller/templates/rescues/layout.erb (internal_server_error)
